app/build/intermediates/manifest_merge_blame_file/alphaMainnetRelease/manifest-merger-blame-alpha-mainnet-release-report.txt
1<?xml version="1.0" encoding="utf-8"?>
2<manifest xmlns:android="http://schemas.android.com/apk/res/android"
3    package="com.mymonero.new_beldex_wallet.alpha"
4    android:versionCode="11010"
5    android:versionName="2.1.1 &apos;Vertant&apos; (alpha)" >
6
7    <uses-sdk
8        android:minSdkVersion="21"
8-->src\main\AndroidManifest.xml
9        android:targetSdkVersion="30" />
9-->src\main\AndroidManifest.xml
10
11    <uses-permission android:name="android.permission.INTERNET" />
11-->src\main\AndroidManifest.xml:5:5-67
11-->src\main\AndroidManifest.xml:5:22-64
12    <uses-permission android:name="android.permission.READ_EXTERNAL_STORAGE" />
12-->src\main\AndroidManifest.xml:6:5-80
12-->src\main\AndroidManifest.xml:6:22-77
13    <uses-permission android:name="android.permission.USE_FINGERPRINT" />
13-->src\main\AndroidManifest.xml:7:5-74
13-->src\main\AndroidManifest.xml:7:22-71
14    <uses-permission android:name="android.permission.WAKE_LOCK" />
14-->src\main\AndroidManifest.xml:8:5-68
14-->src\main\AndroidManifest.xml:8:22-65
15    <uses-permission android:name="android.permission.CAMERA" />
15-->src\main\AndroidManifest.xml:9:5-65
15-->src\main\AndroidManifest.xml:9:22-62
16    <uses-permission android:name="android.permission.USE_BIOMETRIC" />
16-->src\main\AndroidManifest.xml:10:5-72
16-->src\main\AndroidManifest.xml:10:22-69
17    <uses-permission android:name="android.permission.NFC" />
17-->src\main\AndroidManifest.xml:11:5-62
17-->src\main\AndroidManifest.xml:11:22-59
18    <uses-permission android:name="android.permission.FOREGROUND_SERVICE" />
18-->src\main\AndroidManifest.xml:12:5-77
18-->src\main\AndroidManifest.xml:12:22-74
19
20    <application
20-->src\main\AndroidManifest.xml:14:5-97:19
21        android:name="com.m2049r.xmrwallet.XmrWalletApplication"
21-->src\main\AndroidManifest.xml:15:9-45
22        android:allowBackup="false"
22-->src\main\AndroidManifest.xml:16:9-36
23        android:appComponentFactory="androidx.core.app.CoreComponentFactory"
23-->[androidx.core:core:1.3.2] AndroidManifest.xml:24:18-86
24        android:icon="@mipmap/ic_launcher"
24-->src\main\AndroidManifest.xml:17:9-43
25        android:label="@string/app_name"
25-->src\main\AndroidManifest.xml:18:9-41
26        android:preserveLegacyExternalStorage="true"
26-->src\main\AndroidManifest.xml:19:9-53
27        android:supportsRtl="true"
27-->src\main\AndroidManifest.xml:20:9-35
28        android:theme="@style/MyMaterialTheme"
28-->src\main\AndroidManifest.xml:21:9-47
29        android:usesCleartextTraffic="true" >
29-->src\main\AndroidManifest.xml:22:9-44
30        <activity
30-->src\main\AndroidManifest.xml:23:9-25:39
31            android:name="com.m2049r.xmrwallet.SettingsActivity"
31-->src\main\AndroidManifest.xml:24:13-45
32            android:exported="true" />
32-->src\main\AndroidManifest.xml:25:13-36
33        <activity
33-->src\main\AndroidManifest.xml:26:9-28:39
34            android:name="com.m2049r.xmrwallet.Splashscreen"
34-->src\main\AndroidManifest.xml:27:13-41
35            android:exported="true" />
35-->src\main\AndroidManifest.xml:28:13-36
36        <activity
36-->src\main\AndroidManifest.xml:29:9-39:20
37            android:name="com.m2049r.xmrwallet.MainActivity"
37-->src\main\AndroidManifest.xml:30:13-41
38            android:configChanges="orientation|keyboardHidden|uiMode"
38-->src\main\AndroidManifest.xml:31:13-70
39            android:launchMode="singleTop"
39-->src\main\AndroidManifest.xml:32:13-43
40            android:screenOrientation="portrait" >
40-->src\main\AndroidManifest.xml:33:13-49
41            <intent-filter>
41-->src\main\AndroidManifest.xml:34:13-38:29
42                <action android:name="android.intent.action.MAIN" />
42-->src\main\AndroidManifest.xml:35:17-69
42-->src\main\AndroidManifest.xml:35:25-66
43
44                <category android:name="android.intent.category.LAUNCHER" />
44-->src\main\AndroidManifest.xml:37:17-77
44-->src\main\AndroidManifest.xml:37:27-74
45            </intent-filter>
46        </activity>
47        <activity
47-->src\main\AndroidManifest.xml:40:9-45:50
48            android:name="com.m2049r.xmrwallet.WalletActivity"
48-->src\main\AndroidManifest.xml:41:13-43
49            android:configChanges="orientation|keyboardHidden|uiMode"
49-->src\main\AndroidManifest.xml:42:13-70
50            android:label="@string/wallet_activity_name"
50-->src\main\AndroidManifest.xml:43:13-57
51            android:launchMode="singleTask"
51-->src\main\AndroidManifest.xml:44:13-44
52            android:screenOrientation="behind" />
52-->src\main\AndroidManifest.xml:45:13-47
53        <activity
53-->src\main\AndroidManifest.xml:46:9-75:20
54            android:name="com.m2049r.xmrwallet.LoginActivity"
54-->src\main\AndroidManifest.xml:47:13-42
55            android:configChanges="orientation|keyboardHidden|uiMode"
55-->src\main\AndroidManifest.xml:48:13-70
56            android:label="@string/app_name"
56-->src\main\AndroidManifest.xml:49:13-45
57            android:launchMode="singleTop"
57-->src\main\AndroidManifest.xml:50:13-43
58            android:screenOrientation="locked" >
58-->src\main\AndroidManifest.xml:51:13-47
59            <intent-filter>
59-->src\main\AndroidManifest.xml:52:13-54:29
60                <action android:name="android.hardware.usb.action.USB_DEVICE_ATTACHED" />
60-->src\main\AndroidManifest.xml:53:17-90
60-->src\main\AndroidManifest.xml:53:25-87
61            </intent-filter>
62            <intent-filter android:label="@string/app_name" >
62-->src\main\AndroidManifest.xml:55:13-62:29
62-->src\main\AndroidManifest.xml:55:28-60
63                <action android:name="android.intent.action.VIEW" />
63-->src\main\AndroidManifest.xml:56:17-69
63-->src\main\AndroidManifest.xml:56:25-66
64
65                <data android:scheme="monero" />
65-->src\main\AndroidManifest.xml:58:17-49
65-->src\main\AndroidManifest.xml:58:23-46
66
67                <category android:name="android.intent.category.DEFAULT" />
67-->src\main\AndroidManifest.xml:60:17-76
67-->src\main\AndroidManifest.xml:60:27-73
68                <category android:name="android.intent.category.BROWSABLE" />
68-->src\main\AndroidManifest.xml:61:17-78
68-->src\main\AndroidManifest.xml:61:27-75
69            </intent-filter>
70            <intent-filter android:label="@string/app_name" >
70-->src\main\AndroidManifest.xml:63:13-70:29
70-->src\main\AndroidManifest.xml:63:28-60
71                <action android:name="android.intent.action.VIEW" />
71-->src\main\AndroidManifest.xml:56:17-69
71-->src\main\AndroidManifest.xml:56:25-66
72
73                <data android:scheme="bitcoin" />
73-->src\main\AndroidManifest.xml:58:17-49
73-->src\main\AndroidManifest.xml:58:23-46
74
75                <category android:name="android.intent.category.DEFAULT" />
75-->src\main\AndroidManifest.xml:60:17-76
75-->src\main\AndroidManifest.xml:60:27-73
76                <category android:name="android.intent.category.BROWSABLE" />
76-->src\main\AndroidManifest.xml:61:17-78
76-->src\main\AndroidManifest.xml:61:27-75
77            </intent-filter>
78
79            <meta-data
79-->src\main\AndroidManifest.xml:72:13-74:61
80                android:name="android.hardware.usb.action.USB_DEVICE_ATTACHED"
80-->src\main\AndroidManifest.xml:73:17-79
81                android:resource="@xml/usb_device_filter" />
81-->src\main\AndroidManifest.xml:74:17-58
82        </activity>
83        <activity
83-->src\main\AndroidManifest.xml:76:9-80:52
84            android:name="com.m2049r.xmrwallet.onboarding.OnBoardingActivity"
84-->src\main\AndroidManifest.xml:77:13-58
85            android:configChanges="orientation|keyboardHidden|uiMode"
85-->src\main\AndroidManifest.xml:78:13-70
86            android:launchMode="singleTask"
86-->src\main\AndroidManifest.xml:79:13-44
87            android:screenOrientation="portrait" />
87-->src\main\AndroidManifest.xml:80:13-49
88
89        <service
89-->src\main\AndroidManifest.xml:82:9-86:53
90            android:name="com.m2049r.xmrwallet.service.WalletService"
90-->src\main\AndroidManifest.xml:83:13-50
91            android:description="@string/service_description"
91-->src\main\AndroidManifest.xml:84:13-62
92            android:exported="false"
92-->src\main\AndroidManifest.xml:85:13-37
93            android:label="Beldex Wallet Service" />
93-->src\main\AndroidManifest.xml:86:13-50
94
95        <provider
96            android:name="androidx.core.content.FileProvider"
96-->src\main\AndroidManifest.xml:89:13-62
97            android:authorities="com.mymonero.new_beldex_wallet.alpha.fileprovider"
97-->src\main\AndroidManifest.xml:90:13-64
98            android:exported="false"
98-->src\main\AndroidManifest.xml:91:13-37
99            android:grantUriPermissions="true" >
99-->src\main\AndroidManifest.xml:92:13-47
100            <meta-data
100-->src\main\AndroidManifest.xml:93:13-95:53
101                android:name="android.support.FILE_PROVIDER_PATHS"
101-->src\main\AndroidManifest.xml:94:17-67
102                android:resource="@xml/filepaths" />
102-->src\main\AndroidManifest.xml:95:17-50
103        </provider>
104    </application>
105
106</manifest>